============================================================
  Generated by:           Encounter(R) RTL Compiler RC14.13 - v14.10-s027_1
  Generated on:           Sep 04 2020  06:24:32 pm
  Module:                 foobar
  Technology library:     NanGate_15nm_OCL revision 1.0
  Operating conditions:   worst_low (balanced_tree)
  Wireload mode:          enclosed
  Area mode:              timing library
============================================================

                             
   Gate    Instances   Area        Library       
-------------------------------------------------
AND2_X1            1   0.295    NanGate_15nm_OCL 
AND3_X2            1   0.393    NanGate_15nm_OCL 
AOI21_X1           8   2.359    NanGate_15nm_OCL 
AOI22_X1           5   1.720    NanGate_15nm_OCL 
DFFSNQ_X1         29  37.061    NanGate_15nm_OCL 
INV_X1            33   4.866    NanGate_15nm_OCL 
NAND2_X1          20   3.932    NanGate_15nm_OCL 
NAND3_X1           4   1.180    NanGate_15nm_OCL 
NAND4_X1           3   1.032    NanGate_15nm_OCL 
NOR2_X1           10   1.966    NanGate_15nm_OCL 
NOR3_X1            4   1.180    NanGate_15nm_OCL 
OAI21_X1           6   1.769    NanGate_15nm_OCL 
OAI22_X1          19   6.537    NanGate_15nm_OCL 
OR2_X1             4   1.180    NanGate_15nm_OCL 
OR3_X1             4   1.573    NanGate_15nm_OCL 
XOR2_X1           16   7.078    NanGate_15nm_OCL 
-------------------------------------------------
total            167  74.121                     


                                   
   Type    Instances  Area  Area % 
-----------------------------------
sequential        29 37.061   50.0 
inverter          33  4.866    6.6 
logic            105 32.195   43.4 
-----------------------------------
total            167 74.121  100.0 

