Qflow placement logfile created on Sun Sep 13 15:22:19 PDT 2020
Running vlog2Cel to generate input files for graywolf
vlog2Cel  -l  /usr/local/share/qflow/tech/osu035/osu035_stdcells.lef -u 100 -o /home/muchen/ELEC402TA/t1-qflow/layout/up_counter.cel /home/muchen/ELEC402TA/t1-qflow/synthesis/up_counter.rtlnopwr.v
No up_counter.cel1 file found for project. . . no partial blockages to apply to layout.
No up_counter.cel2 file found for project. . . continuing without pin placement hints
Running GrayWolf placement
graywolf  up_counter

twflow version:2.1 date:Mon May 25 21:15:08 EDT 1992
Authors: Bill Swartz, Carl Sechen
         Yale University

syntax version:v1.1 date:Mon May 25 21:11:10 EDT 1992
TimberWolf System Syntax Checker
Authors: Carl Sechen, Kai-Win Lee, Bill Swartz,
         Dahe Chen, and Jimmy Lam
         Yale University

Read   50 objects so far...
No syntax errors were found

syntax terminated normally with no errors and 0 warning[s]


----------------------------
Total stdcells     :50
Total cell width   :3.92e+04
Total cell height  :1.00e+05
Total cell area    :7.84e+07
Total core area    :7.84e+07
Average cell height:2.00e+03


nocut - replacement for Mincut version:v1.0 date:Mon May 25 21:09:40 EDT 1992
TimberWolf System Floorplan Setup Program
Authors: Carl Sechen, Bill Swartz,
         Yale University

Read   50 objects so far...
Splitting up_counter.cel into up_counter.scel and up_counter.mcel...
	done!


nocut - replacement for Mincut terminated normally with no errors and 0 warning[s]


TimberWolfMC version:v2.2 date:Mon May 25 21:18:34 EDT 1992
Authors: Carl Sechen, Bill Swartz, Kai-Win Lee
         Dahe Chen, and Jimmy Lam
         Yale University

config version:v1.0 date:Mon May 25 20:57:18 EDT 1992
Row configuration program
    Yale University


config switches:
	Graphics mode on
	config will inherit window



config terminated normally with no errors and 0 warning[s]


TimberWolfMC terminated normally with no errors and 0 warning[s]



TimberWolfSC switches:
	Graphics mode on
	TimberWolfSC will inherit window

TimberWolfSC version:v6.0 date:Mon May 25 21:19:07 EDT 1992
Row-Based Placement and Global Routing Program
Authors: Carl Sechen, Kai-Win Lee, and Bill Swartz,
         Yale University
  0 
  1   2   3   4   5   6   7   8   9  10  11  12  13  14  15 
 16  17  18  19  20  21  22  23  24  25  26  27  28  29  30 
 31  32  33  34  35  36  37  38  39  40  41  42  43  44  45 
 46  47  48  49  50  51  52  53  54  55  56  57  58  59  60 
 61  62  63  64  65  66  67  68  69  70  71  72  73  74  75 
 76  77  78  79  80  81  82  83  84  85  86  87  88  89  90 
 91  92  93  94  95  96  97  98  99 100 101 102 103 104 105 
106 107 108 109 110 111 112 113 114 115 116 117 118 119 120 
121 122 123 124 125 126 127 128 129 130 131 132 133 134 135 
136 137 138 139 140 141 142 143 144 145 146 147 148 149 150 
151 152 153 154 155 156 157 158 
 block left edge is at -399
 the longest block length is 10560
 building the steiner trees
 rebuilding the steiner tree

----start doing coarse global routing ------ 
 ITERATION  1

  longest Row is:2   Its length is:10080
 doing feed-through pins assignment
 building the net-tree now !
 set up the global routing grids
 the starting value of tracks =   18
 tracks =  17 at attempts =  1000
 removing redundant feed-through pins
 the connectivity of all the nets is verified

 block left edge is at -399
 the longest block length is 10560
 building the steiner trees
 rebuilding the steiner tree

----start doing coarse global routing ------ 
 ITERATION  1

  longest Row is:2   Its length is:10080
 doing feed-through pins assignment
 building the net-tree now !
 set up the global routing grids
 the starting value of tracks =   21
 tracks =  18 at attempts =  1000
 removing redundant feed-through pins
 the connectivity of all the nets is verified

 block left edge is at -399
 the longest block length is 10560
 building the steiner trees
 rebuilding the steiner tree

----start doing coarse global routing ------ 
 ITERATION  1

  longest Row is:2   Its length is:10080
 doing feed-through pins assignment
 building the net-tree now !
 set up the global routing grids
 the starting value of tracks =   18
 tracks =  18 at attempts =  1000
 removing redundant feed-through pins
 the connectivity of all the nets is verified

 block left edge is at -399
 the longest block length is 10560
 building the steiner trees
 rebuilding the steiner tree

----start doing coarse global routing ------ 
 ITERATION  1

  longest Row is:2   Its length is:10080
 doing feed-through pins assignment
 building the net-tree now !
 set up the global routing grids
 the starting value of tracks =   20
 tracks =  20 at attempts =  1000
 removing redundant feed-through pins
 the connectivity of all the nets is verified

 block left edge is at -399
 the longest block length is 10560
 building the steiner trees
 rebuilding the steiner tree

----start doing coarse global routing ------ 
 ITERATION  1

  longest Row is:2   Its length is:10080
 doing feed-through pins assignment
 building the net-tree now !
 set up the global routing grids
 the starting value of tracks =   18
 tracks =  18 at attempts =  1000
 removing redundant feed-through pins
 the connectivity of all the nets is verified

 block left edge is at -399
 the longest block length is 10560
 building the steiner trees
 rebuilding the steiner tree

----start doing coarse global routing ------ 
 ITERATION  1

  longest Row is:2   Its length is:10080
 doing feed-through pins assignment
 building the net-tree now !
 set up the global routing grids
 the starting value of tracks =   17
 tracks =  17 at attempts =  1000
 removing redundant feed-through pins
 the connectivity of all the nets is verified

 block left edge is at -399
 the longest block length is 10560
 building the steiner trees
 rebuilding the steiner tree

----start doing coarse global routing ------ 
 ITERATION  1

  longest Row is:2   Its length is:10080
 doing feed-through pins assignment
 building the net-tree now !
 set up the global routing grids
 the starting value of tracks =   19
 tracks =  17 at attempts =  1000
 removing redundant feed-through pins
 the connectivity of all the nets is verified

 block left edge is at -399
 the longest block length is 10560
 building the steiner trees
 rebuilding the steiner tree

----start doing coarse global routing ------ 
 ITERATION  1

  longest Row is:2   Its length is:10080
 doing feed-through pins assignment
 building the net-tree now !
 set up the global routing grids
 the starting value of tracks =   18
 tracks =  18 at attempts =  1000
 removing redundant feed-through pins
 the connectivity of all the nets is verified


***********************************************
*ACTUAL* FINAL NUMBER OF ROUTING TRACKS: 17
***********************************************


TimberWolfSC terminated normally with no errors and 0 warning[s]


twflow terminated normally with no errors and 0 warning[s]

Running getantennacell to determine cell to use for antenna anchors.
getantennacell.tcl up_counter  /usr/local/share/qflow/tech/osu035/osu035_stdcells.lef 
Running getfillcell to determine cell to use for fill.
getfillcell.tcl up_counter  /usr/local/share/qflow/tech/osu035/osu035_stdcells.lef FILL
Using cell FILL for fill
Running place2def to translate graywolf output to DEF format.
place2def.tcl up_counter FILL 
Running place2def.tcl
DEF database: 100 units per micron
Limits: xbot = -750.0 ybot = -530.0 xtop = 10190.0 ytop = 8330.0
Core values: 80 100 10160 8100
Offsets: 80 100
4 routing layers
45 horizontal tracks from -400.0 to 8600.0 step 200 (M1, M3, ...)
70 vertical tracks from -480.0 to 10720.0 step 160 (M2, M4, ...)
Summary: Total components = 50
  Fill cells  = 0
  Other cells = 50
Done with place2def.tcl
Running addspacers to generate power stripes and align cell right edge
addspacers -stripe 5 50 PG -nostretch -p vdd -g gnd -f FILL -O  -l  /usr/local/share/qflow/tech/osu035/osu035_stdcells.lef -o up_counter_filled.def up_counter
Stripe pitch requested = 50, stripe pitch used = 49.6
Stripe width requested = 5, stripe width used = 6.4
Initial core layout: (80 100) to (10160 8100) (scale um * 100)
Running arrangepins to adjust pin positions for optimal routing.
arrangepins.tcl  up_counter
Reading info file up_counter.info. . .
Reading DEF file up_counter.def. . .
Warning!  Pin clk did not match any border position!
Pin area bounds are (-320 -200) to (627287344 8600)
Pin clk position is (10560 6800)

Warning!  Pin count[6] did not match any border position!
Pin area bounds are (-320 -200) to (627287344 8600)
Pin count[6] position is (10560 5200)

Warning!  Pin rst did not match any border position!
Pin area bounds are (-320 -200) to (627287344 8600)
Pin rst position is (10560 5600)

Recalculating pin positions
Writing DEF file up_counter_mod.def. . .
Done with arrangepins.tcl
DEF2Verilog -v /home/muchen/ELEC402TA/t1-qflow/synthesis/up_counter.rtlnopwr.v -o /home/muchen/ELEC402TA/t1-qflow/synthesis/up_counter_anno.v
-p vdd -g gnd  -l  /usr/local/share/qflow/tech/osu035/osu035_stdcells.lef up_counter.def

Generating RTL verilog and SPICE netlist file in directory
   /home/muchen/ELEC402TA/t1-qflow/synthesis
Files:
   Verilog: /home/muchen/ELEC402TA/t1-qflow/synthesis/up_counter.rtl.v
   Verilog: /home/muchen/ELEC402TA/t1-qflow/synthesis/up_counter.rtlnopwr.v
   Verilog: /home/muchen/ELEC402TA/t1-qflow/synthesis/up_counter.rtlbb.v
   Spice:   /home/muchen/ELEC402TA/t1-qflow/synthesis/up_counter.spc

Running vlog2Verilog.
vlog2Verilog -c -v vdd -g gnd -o up_counter.rtl.v up_counter_anno.v
vlog2Verilog -c -p -v vdd -g gnd -o up_counter.rtlnopwr.v up_counter_anno.v
vlog2Verilog -c -b -p -n -v vdd -g gnd -o up_counter.rtlbb.v up_counter_anno.v
Running vlog2Spice.
vlog2Spice -i -l  /usr/local/share/qflow/tech/osu035/osu035_stdcells.sp -o up_counter.spc up_counter.rtl.v
Placement script ended on Sun Sep 13 15:22:25 PDT 2020
