Qflow synthesis logfile created on Sun Sep 13 15:22:19 PDT 2020
Running yosys for verilog parsing and synthesis
yosys  -s up_counter.ys

 /----------------------------------------------------------------------------\
 |                                                                            |
 |  yosys -- Yosys Open SYnthesis Suite                                       |
 |                                                                            |
 |  Copyright (C) 2012 - 2016  Clifford Wolf <clifford@clifford.at>           |
 |                                                                            |
 |  Permission to use, copy, modify, and/or distribute this software for any  |
 |  purpose with or without fee is hereby granted, provided that the above    |
 |  copyright notice and this permission notice appear in all copies.         |
 |                                                                            |
 |  THE SOFTWARE IS PROVIDED "AS IS" AND THE AUTHOR DISCLAIMS ALL WARRANTIES  |
 |  WITH REGARD TO THIS SOFTWARE INCLUDING ALL IMPLIED WARRANTIES OF          |
 |  MERCHANTABILITY AND FITNESS. IN NO EVENT SHALL THE AUTHOR BE LIABLE FOR   |
 |  ANY SPECIAL, DIRECT, INDIRECT, OR CONSEQUENTIAL DAMAGES OR ANY DAMAGES    |
 |  WHATSOEVER RESULTING FROM LOSS OF USE, DATA OR PROFITS, WHETHER IN AN     |
 |  ACTION OF CONTRACT, NEGLIGENCE OR OTHER TORTIOUS ACTION, ARISING OUT OF   |
 |  OR IN CONNECTION WITH THE USE OR PERFORMANCE OF THIS SOFTWARE.            |
 |                                                                            |
 \----------------------------------------------------------------------------/

 Yosys 0.7 (git sha1 61f6811, gcc 6.2.0-11ubuntu1 -O2 -fdebug-prefix-map=/build/yosys-OIL3SR/yosys-0.7=. -fstack-protector-strong -fPIC -Os)


-- Executing script file `up_counter.ys' --

1. Executing Liberty frontend.
Imported 39 cell types from liberty file.

2. Executing Verilog-2005 frontend.
Parsing SystemVerilog input from `/home/muchen/ELEC402TA/t1-qflow/source/up_counter.sv' to AST representation.
Generating RTLIL representation for module `\up_counter'.
Successfully finished Verilog frontend.

3. Executing SYNTH pass.

3.1. Executing HIERARCHY pass (managing design hierarchy).

3.1.1. Analyzing design hierarchy..
Top module:  \up_counter

3.1.2. Analyzing design hierarchy..
Top module:  \up_counter
Removed 0 unused modules.

3.2. Executing PROC pass (convert processes to netlists).

3.2.1. Executing PROC_CLEAN pass (remove empty switches from decision trees).
Cleaned up 0 empty switches.

3.2.2. Executing PROC_RMDEAD pass (remove dead branches from decision trees).
Removed a total of 0 dead cases.

3.2.3. Executing PROC_INIT pass (extract init attributes).

3.2.4. Executing PROC_ARST pass (detect async resets in processes).

3.2.5. Executing PROC_MUX pass (convert decision trees to multiplexers).
Creating decoders for process `\up_counter.$proc$/home/muchen/ELEC402TA/t1-qflow/source/up_counter.sv:10$1'.
     1/1: $0\count[7:0]

3.2.6. Executing PROC_DLATCH pass (convert process syncs to latches).

3.2.7. Executing PROC_DFF pass (convert process syncs to FFs).
Creating register for signal `\up_counter.\count' using process `\up_counter.$proc$/home/muchen/ELEC402TA/t1-qflow/source/up_counter.sv:10$1'.
  created $dff cell `$procdff$9' with positive edge clock.

3.2.8. Executing PROC_CLEAN pass (remove empty switches from decision trees).
Found and cleaned up 2 empty switches in `\up_counter.$proc$/home/muchen/ELEC402TA/t1-qflow/source/up_counter.sv:10$1'.
Removing empty process `up_counter.$proc$/home/muchen/ELEC402TA/t1-qflow/source/up_counter.sv:10$1'.
Cleaned up 2 empty switches.

3.3. Executing OPT_EXPR pass (perform const folding).

3.4. Executing OPT_CLEAN pass (remove unused cells and wires).
Finding unused cells or wires in module \up_counter..

3.5. Executing CHECK pass (checking for obvious problems).
checking module up_counter..
found and reported 0 problems.

3.6. Executing OPT pass (performing simple optimizations).

3.6.1. Executing OPT_EXPR pass (perform const folding).

3.6.2. Executing OPT_MERGE pass (detect identical cells).
Finding identical cells in module `\up_counter'.
Removed a total of 0 cells.

3.6.3. Executing OPT_MUXTREE pass (detect dead branches in mux trees).
Running muxtree optimizer on module \up_counter..
  Creating internal representation of mux trees.
  Evaluating internal representation of mux trees.
    Root of a mux tree: $procmux$7 (pure)
  Analyzing evaluation results.
Removed 0 multiplexer ports.

3.6.4. Executing OPT_REDUCE pass (consolidate $*mux and $reduce_* inputs).
  Optimizing cells in module \up_counter.
Performed a total of 0 changes.

3.6.5. Executing OPT_MERGE pass (detect identical cells).
Finding identical cells in module `\up_counter'.
Removed a total of 0 cells.

3.6.6. Executing OPT_RMDFF pass (remove dff with constant values).

3.6.7. Executing OPT_CLEAN pass (remove unused cells and wires).
Finding unused cells or wires in module \up_counter..

3.6.8. Executing OPT_EXPR pass (perform const folding).

3.6.9. Finished OPT passes. (There is nothing left to do.)

3.7. Executing WREDUCE pass (reducing word size of cells).
Removed top 31 bits (of 32) from port B of cell up_counter.$add$/home/muchen/ELEC402TA/t1-qflow/source/up_counter.sv:16$2 ($add).
Removed top 24 bits (of 32) from port Y of cell up_counter.$add$/home/muchen/ELEC402TA/t1-qflow/source/up_counter.sv:16$2 ($add).
Removed top 24 bits (of 32) from wire up_counter.$add$/home/muchen/ELEC402TA/t1-qflow/source/up_counter.sv:16$2_Y.

3.8. Executing ALUMACC pass (create $alu and $macc cells).
Extracting $alu and $macc cells in module up_counter:
  creating $macc model for $add$/home/muchen/ELEC402TA/t1-qflow/source/up_counter.sv:16$2 ($add).
  creating $alu model for $macc $add$/home/muchen/ELEC402TA/t1-qflow/source/up_counter.sv:16$2.
  creating $alu cell for $add$/home/muchen/ELEC402TA/t1-qflow/source/up_counter.sv:16$2: $auto$alumacc.cc:470:replace_alu$11
  created 1 $alu and 0 $macc cells.

3.9. Executing SHARE pass (SAT-based resource sharing).

3.10. Executing OPT pass (performing simple optimizations).

3.10.1. Executing OPT_EXPR pass (perform const folding).

3.10.2. Executing OPT_MERGE pass (detect identical cells).
Finding identical cells in module `\up_counter'.
Removed a total of 0 cells.

3.10.3. Executing OPT_MUXTREE pass (detect dead branches in mux trees).
Running muxtree optimizer on module \up_counter..
  Creating internal representation of mux trees.
  Evaluating internal representation of mux trees.
    Root of a mux tree: $procmux$7 (pure)
  Analyzing evaluation results.
Removed 0 multiplexer ports.

3.10.4. Executing OPT_REDUCE pass (consolidate $*mux and $reduce_* inputs).
  Optimizing cells in module \up_counter.
Performed a total of 0 changes.

3.10.5. Executing OPT_MERGE pass (detect identical cells).
Finding identical cells in module `\up_counter'.
Removed a total of 0 cells.

3.10.6. Executing OPT_RMDFF pass (remove dff with constant values).

3.10.7. Executing OPT_CLEAN pass (remove unused cells and wires).
Finding unused cells or wires in module \up_counter..

3.10.8. Executing OPT_EXPR pass (perform const folding).

3.10.9. Finished OPT passes. (There is nothing left to do.)

3.11. Executing FSM pass (extract and optimize FSM).

3.11.1. Executing FSM_DETECT pass (finding FSMs in design).

3.11.2. Executing FSM_EXTRACT pass (extracting FSM from design).

3.11.3. Executing FSM_OPT pass (simple optimizations of FSMs).

3.11.4. Executing OPT_CLEAN pass (remove unused cells and wires).
Finding unused cells or wires in module \up_counter..

3.11.5. Executing FSM_OPT pass (simple optimizations of FSMs).

3.11.6. Executing FSM_RECODE pass (re-assigning FSM state encoding).

3.11.7. Executing FSM_INFO pass (dumping all available information on FSM cells).

3.11.8. Executing FSM_MAP pass (mapping FSMs to basic logic).

3.12. Executing OPT pass (performing simple optimizations).

3.12.1. Executing OPT_EXPR pass (perform const folding).

3.12.2. Executing OPT_MERGE pass (detect identical cells).
Finding identical cells in module `\up_counter'.
Removed a total of 0 cells.

3.12.3. Executing OPT_RMDFF pass (remove dff with constant values).

3.12.4. Executing OPT_CLEAN pass (remove unused cells and wires).
Finding unused cells or wires in module \up_counter..

3.12.5. Finished fast OPT passes.

3.13. Executing MEMORY pass.

3.13.1. Executing MEMORY_DFF pass (merging $dff cells to $memrd and $memwr).

3.13.2. Executing OPT_CLEAN pass (remove unused cells and wires).
Finding unused cells or wires in module \up_counter..

3.13.3. Executing MEMORY_SHARE pass (consolidating $memrd/$memwr cells).

3.13.4. Executing OPT_CLEAN pass (remove unused cells and wires).
Finding unused cells or wires in module \up_counter..

3.13.5. Executing MEMORY_COLLECT pass (generating $mem cells).

3.14. Executing OPT_CLEAN pass (remove unused cells and wires).
Finding unused cells or wires in module \up_counter..

3.15. Executing OPT pass (performing simple optimizations).

3.15.1. Executing OPT_EXPR pass (perform const folding).

3.15.2. Executing OPT_MERGE pass (detect identical cells).
Finding identical cells in module `\up_counter'.
Removed a total of 0 cells.

3.15.3. Executing OPT_RMDFF pass (remove dff with constant values).

3.15.4. Executing OPT_CLEAN pass (remove unused cells and wires).
Finding unused cells or wires in module \up_counter..

3.15.5. Finished fast OPT passes.

3.16. Executing MEMORY_MAP pass (converting $mem cells to logic and flip-flops).

3.17. Executing OPT pass (performing simple optimizations).

3.17.1. Executing OPT_EXPR pass (perform const folding).

3.17.2. Executing OPT_MERGE pass (detect identical cells).
Finding identical cells in module `\up_counter'.
Removed a total of 0 cells.

3.17.3. Executing OPT_MUXTREE pass (detect dead branches in mux trees).
Running muxtree optimizer on module \up_counter..
  Creating internal representation of mux trees.
  Evaluating internal representation of mux trees.
    Root of a mux tree: $procmux$7 (pure)
  Analyzing evaluation results.
Removed 0 multiplexer ports.

3.17.4. Executing OPT_REDUCE pass (consolidate $*mux and $reduce_* inputs).
  Optimizing cells in module \up_counter.
Performed a total of 0 changes.

3.17.5. Executing OPT_MERGE pass (detect identical cells).
Finding identical cells in module `\up_counter'.
Removed a total of 0 cells.

3.17.6. Executing OPT_RMDFF pass (remove dff with constant values).

3.17.7. Executing OPT_CLEAN pass (remove unused cells and wires).
Finding unused cells or wires in module \up_counter..

3.17.8. Executing OPT_EXPR pass (perform const folding).

3.17.9. Finished OPT passes. (There is nothing left to do.)

3.18. Executing TECHMAP pass (map to technology primitives).

3.18.1. Executing Verilog-2005 frontend.
Parsing Verilog input from `<techmap.v>' to AST representation.
Generating RTLIL representation for module `\_90_simplemap_bool_ops'.
Generating RTLIL representation for module `\_90_simplemap_reduce_ops'.
Generating RTLIL representation for module `\_90_simplemap_logic_ops'.
Generating RTLIL representation for module `\_90_simplemap_compare_ops'.
Generating RTLIL representation for module `\_90_simplemap_various'.
Generating RTLIL representation for module `\_90_simplemap_registers'.
Generating RTLIL representation for module `\_90_shift_ops_shr_shl_sshl_sshr'.
Generating RTLIL representation for module `\_90_shift_shiftx'.
Generating RTLIL representation for module `\_90_fa'.
Generating RTLIL representation for module `\_90_lcu'.
Generating RTLIL representation for module `\_90_alu'.
Generating RTLIL representation for module `\_90_macc'.
Generating RTLIL representation for module `\_90_alumacc'.
Generating RTLIL representation for module `\$__div_mod_u'.
Generating RTLIL representation for module `\$__div_mod'.
Generating RTLIL representation for module `\_90_div'.
Generating RTLIL representation for module `\_90_mod'.
Generating RTLIL representation for module `\_90_pow'.
Generating RTLIL representation for module `\_90_pmux'.
Generating RTLIL representation for module `\_90_lut'.
Successfully finished Verilog frontend.
Mapping up_counter.$procmux$4 ($mux) with simplemap.

3.18.2. Executing AST frontend in derive mode using pre-parsed AST for module `\_90_alu'.
Parameter \A_SIGNED = 0
Parameter \B_SIGNED = 0
Parameter \A_WIDTH = 1
Parameter \B_WIDTH = 8
Parameter \Y_WIDTH = 8
Generating RTLIL representation for module `$paramod\_90_alu\A_SIGNED=0\B_SIGNED=0\A_WIDTH=1\B_WIDTH=8\Y_WIDTH=8'.

3.18.3. Continuing TECHMAP pass.
Mapping up_counter.$auto$alumacc.cc:470:replace_alu$11 using $paramod\_90_alu\A_SIGNED=0\B_SIGNED=0\A_WIDTH=1\B_WIDTH=8\Y_WIDTH=8.
Mapping up_counter.$procmux$7 ($mux) with simplemap.
Mapping up_counter.$procdff$9 ($dff) with simplemap.
Mapping up_counter.$techmap$auto$alumacc.cc:470:replace_alu$11.$xor$<techmap.v>:262$69 ($xor) with simplemap.
Mapping up_counter.$techmap$auto$alumacc.cc:470:replace_alu$11.$xor$<techmap.v>:263$70 ($xor) with simplemap.
Mapping up_counter.$techmap$auto$alumacc.cc:470:replace_alu$11.$and$<techmap.v>:260$68 ($and) with simplemap.

3.18.4. Executing AST frontend in derive mode using pre-parsed AST for module `\_90_lcu'.
Parameter \WIDTH = 8
Generating RTLIL representation for module `$paramod\_90_lcu\WIDTH=8'.

3.18.5. Executing PROC pass (convert processes to netlists).

3.18.5.1. Executing PROC_CLEAN pass (remove empty switches from decision trees).
Cleaned up 0 empty switches.

3.18.5.2. Executing PROC_RMDEAD pass (remove dead branches from decision trees).
Removed a total of 0 dead cases.

3.18.5.3. Executing PROC_INIT pass (extract init attributes).

3.18.5.4. Executing PROC_ARST pass (detect async resets in processes).

3.18.5.5. Executing PROC_MUX pass (convert decision trees to multiplexers).
Creating decoders for process `$paramod\_90_lcu\WIDTH=8.$proc$<techmap.v>:207$129'.
     1/16: $0\p[7:0] [6]
     2/16: $0\g[7:0] [6]
     3/16: $0\p[7:0] [4]
     4/16: $0\g[7:0] [4]
     5/16: $0\p[7:0] [2]
     6/16: $0\g[7:0] [2]
     7/16: $0\p[7:0] [5]
     8/16: $0\g[7:0] [5]
     9/16: $0\p[7:0] [7]
    10/16: $0\g[7:0] [7]
    11/16: $0\p[7:0] [3]
    12/16: $0\g[7:0] [3]
    13/16: $0\p[7:0] [1]
    14/16: $0\g[7:0] [1]
    15/16: $0\g[7:0] [0]
    16/16: $0\p[7:0] [0]

3.18.5.6. Executing PROC_DLATCH pass (convert process syncs to latches).
No latch inferred for signal `$paramod\_90_lcu\WIDTH=8.\p' from process `$paramod\_90_lcu\WIDTH=8.$proc$<techmap.v>:207$129'.
No latch inferred for signal `$paramod\_90_lcu\WIDTH=8.\g' from process `$paramod\_90_lcu\WIDTH=8.$proc$<techmap.v>:207$129'.

3.18.5.7. Executing PROC_DFF pass (convert process syncs to FFs).

3.18.5.8. Executing PROC_CLEAN pass (remove empty switches from decision trees).
Removing empty process `$paramod\_90_lcu\WIDTH=8.$proc$<techmap.v>:207$129'.
Cleaned up 0 empty switches.

3.18.6. Executing OPT pass (performing simple optimizations).

3.18.6.1. Executing OPT_EXPR pass (perform const folding).

3.18.6.2. Executing OPT_MERGE pass (detect identical cells).
Finding identical cells in module `$paramod\_90_lcu\WIDTH=8'.
Removed a total of 0 cells.

3.18.6.3. Executing OPT_RMDFF pass (remove dff with constant values).

3.18.6.4. Executing OPT_CLEAN pass (remove unused cells and wires).
Finding unused cells or wires in module $paramod\_90_lcu\WIDTH=8..
  removing unused `$and' cell `$and$<techmap.v>:222$134'.
  removing unused `$and' cell `$and$<techmap.v>:222$146'.
  removing unused `$and' cell `$and$<techmap.v>:222$152'.
  removing unused `$and' cell `$and$<techmap.v>:230$155'.
  removing unused `$and' cell `$and$<techmap.v>:230$158'.
  removing unused `$and' cell `$and$<techmap.v>:230$161'.
  removing unused `$and' cell `$and$<techmap.v>:230$164'.
  removing unused non-port wire \j.
  removing unused non-port wire \i.
  removed 2 unused temporary wires.

3.18.6.5. Finished fast OPT passes.

3.18.7. Continuing TECHMAP pass.
Mapping up_counter.$auto$alumacc.cc:470:replace_alu$11.lcu using $paramod\_90_lcu\WIDTH=8.
Mapping up_counter.$techmap$auto$alumacc.cc:470:replace_alu$11.$ternary$<techmap.v>:258$67 ($mux) with simplemap.
Mapping up_counter.$techmap$auto$alumacc.cc:470:replace_alu$11.$not$<techmap.v>:258$66 ($not) with simplemap.
Mapping up_counter.$auto$alumacc.cc:470:replace_alu$11.B_conv ($pos) with simplemap.
Mapping up_counter.$auto$alumacc.cc:470:replace_alu$11.A_conv ($pos) with simplemap.
Mapping up_counter.$techmap$auto$alumacc.cc:470:replace_alu$11.lcu.$and$<techmap.v>:212$130 ($and) with simplemap.
Mapping up_counter.$techmap$auto$alumacc.cc:470:replace_alu$11.lcu.$and$<techmap.v>:221$132 ($and) with simplemap.
Mapping up_counter.$techmap$auto$alumacc.cc:470:replace_alu$11.lcu.$and$<techmap.v>:221$135 ($and) with simplemap.
Mapping up_counter.$techmap$auto$alumacc.cc:470:replace_alu$11.lcu.$and$<techmap.v>:221$138 ($and) with simplemap.
Mapping up_counter.$techmap$auto$alumacc.cc:470:replace_alu$11.lcu.$and$<techmap.v>:221$141 ($and) with simplemap.
Mapping up_counter.$techmap$auto$alumacc.cc:470:replace_alu$11.lcu.$and$<techmap.v>:221$144 ($and) with simplemap.
Mapping up_counter.$techmap$auto$alumacc.cc:470:replace_alu$11.lcu.$and$<techmap.v>:221$147 ($and) with simplemap.
Mapping up_counter.$techmap$auto$alumacc.cc:470:replace_alu$11.lcu.$and$<techmap.v>:221$150 ($and) with simplemap.
Mapping up_counter.$techmap$auto$alumacc.cc:470:replace_alu$11.lcu.$and$<techmap.v>:222$137 ($and) with simplemap.
Mapping up_counter.$techmap$auto$alumacc.cc:470:replace_alu$11.lcu.$and$<techmap.v>:222$140 ($and) with simplemap.
Mapping up_counter.$techmap$auto$alumacc.cc:470:replace_alu$11.lcu.$and$<techmap.v>:222$143 ($and) with simplemap.
Mapping up_counter.$techmap$auto$alumacc.cc:470:replace_alu$11.lcu.$and$<techmap.v>:222$149 ($and) with simplemap.
Mapping up_counter.$techmap$auto$alumacc.cc:470:replace_alu$11.lcu.$and$<techmap.v>:229$153 ($and) with simplemap.
Mapping up_counter.$techmap$auto$alumacc.cc:470:replace_alu$11.lcu.$and$<techmap.v>:229$156 ($and) with simplemap.
Mapping up_counter.$techmap$auto$alumacc.cc:470:replace_alu$11.lcu.$and$<techmap.v>:229$159 ($and) with simplemap.
Mapping up_counter.$techmap$auto$alumacc.cc:470:replace_alu$11.lcu.$and$<techmap.v>:229$162 ($and) with simplemap.
Mapping up_counter.$techmap$auto$alumacc.cc:470:replace_alu$11.lcu.$or$<techmap.v>:212$131 ($or) with simplemap.
Mapping up_counter.$techmap$auto$alumacc.cc:470:replace_alu$11.lcu.$or$<techmap.v>:221$133 ($or) with simplemap.
Mapping up_counter.$techmap$auto$alumacc.cc:470:replace_alu$11.lcu.$or$<techmap.v>:221$136 ($or) with simplemap.
Mapping up_counter.$techmap$auto$alumacc.cc:470:replace_alu$11.lcu.$or$<techmap.v>:221$139 ($or) with simplemap.
Mapping up_counter.$techmap$auto$alumacc.cc:470:replace_alu$11.lcu.$or$<techmap.v>:221$142 ($or) with simplemap.
Mapping up_counter.$techmap$auto$alumacc.cc:470:replace_alu$11.lcu.$or$<techmap.v>:221$145 ($or) with simplemap.
Mapping up_counter.$techmap$auto$alumacc.cc:470:replace_alu$11.lcu.$or$<techmap.v>:221$148 ($or) with simplemap.
Mapping up_counter.$techmap$auto$alumacc.cc:470:replace_alu$11.lcu.$or$<techmap.v>:221$151 ($or) with simplemap.
Mapping up_counter.$techmap$auto$alumacc.cc:470:replace_alu$11.lcu.$or$<techmap.v>:229$154 ($or) with simplemap.
Mapping up_counter.$techmap$auto$alumacc.cc:470:replace_alu$11.lcu.$or$<techmap.v>:229$157 ($or) with simplemap.
Mapping up_counter.$techmap$auto$alumacc.cc:470:replace_alu$11.lcu.$or$<techmap.v>:229$160 ($or) with simplemap.
Mapping up_counter.$techmap$auto$alumacc.cc:470:replace_alu$11.lcu.$or$<techmap.v>:229$163 ($or) with simplemap.
No more expansions possible.

3.19. Executing OPT pass (performing simple optimizations).

3.19.1. Executing OPT_EXPR pass (perform const folding).
Replacing $_MUX_ cell `$auto$simplemap.cc:277:simplemap_mux$165' (??0) in module `\up_counter' with constant driver `$techmap$auto$alumacc.cc:470:replace_alu$11.$ternary$<techmap.v>:258$67_Y [0] = \count [0]'.
Replacing $_XOR_ cell `$auto$simplemap.cc:85:simplemap_bitop$95' (?0) in module `\up_counter' with constant driver `$techmap$auto$alumacc.cc:470:replace_alu$11.$xor$<techmap.v>:263$70_Y [0] = $techmap$auto$alumacc.cc:470:replace_alu$11.$xor$<techmap.v>:262$69_Y [0]'.
Replacing $_MUX_ cell `$auto$simplemap.cc:277:simplemap_mux$166' (??0) in module `\up_counter' with constant driver `$techmap$auto$alumacc.cc:470:replace_alu$11.$ternary$<techmap.v>:258$67_Y [1] = \count [1]'.
Replacing $_XOR_ cell `$auto$simplemap.cc:85:simplemap_bitop$88' (0?) in module `\up_counter' with constant driver `$techmap$auto$alumacc.cc:470:replace_alu$11.$xor$<techmap.v>:262$69_Y [1] = \count [1]'.
Replacing $_AND_ cell `$auto$simplemap.cc:85:simplemap_bitop$104' (1?) in module `\up_counter' with constant driver `$techmap$auto$alumacc.cc:470:replace_alu$11.$and$<techmap.v>:260$68_Y [0] = \count [0]'.
Replacing $_AND_ cell `$auto$simplemap.cc:85:simplemap_bitop$181' (const_and) in module `\up_counter' with constant driver `$techmap$auto$alumacc.cc:470:replace_alu$11.lcu.$and$<techmap.v>:212$130_Y = 1'0'.
Replacing $_OR_ cell `$auto$simplemap.cc:85:simplemap_bitop$197' (?0) in module `\up_counter' with constant driver `$auto$alumacc.cc:484:replace_alu$13 [0] = \count [0]'.
Replacing $_MUX_ cell `$auto$simplemap.cc:277:simplemap_mux$167' (??0) in module `\up_counter' with constant driver `$techmap$auto$alumacc.cc:470:replace_alu$11.$ternary$<techmap.v>:258$67_Y [2] = \count [2]'.
Replacing $_XOR_ cell `$auto$simplemap.cc:85:simplemap_bitop$89' (0?) in module `\up_counter' with constant driver `$techmap$auto$alumacc.cc:470:replace_alu$11.$xor$<techmap.v>:262$69_Y [2] = \count [2]'.
Replacing $_AND_ cell `$auto$simplemap.cc:85:simplemap_bitop$105' (const_and) in module `\up_counter' with constant driver `$techmap$auto$alumacc.cc:470:replace_alu$11.$and$<techmap.v>:260$68_Y [1] = 1'0'.
Replacing $_OR_ cell `$auto$simplemap.cc:85:simplemap_bitop$198' (0?) in module `\up_counter' with constant driver `$auto$alumacc.cc:484:replace_alu$13 [1] = $techmap$auto$alumacc.cc:470:replace_alu$11.lcu.$and$<techmap.v>:221$132_Y'.
Replacing $_MUX_ cell `$auto$simplemap.cc:277:simplemap_mux$168' (??0) in module `\up_counter' with constant driver `$techmap$auto$alumacc.cc:470:replace_alu$11.$ternary$<techmap.v>:258$67_Y [3] = \count [3]'.
Replacing $_XOR_ cell `$auto$simplemap.cc:85:simplemap_bitop$90' (0?) in module `\up_counter' with constant driver `$techmap$auto$alumacc.cc:470:replace_alu$11.$xor$<techmap.v>:262$69_Y [3] = \count [3]'.
Replacing $_AND_ cell `$auto$simplemap.cc:85:simplemap_bitop$106' (const_and) in module `\up_counter' with constant driver `$techmap$auto$alumacc.cc:470:replace_alu$11.$and$<techmap.v>:260$68_Y [2] = 1'0'.
Replacing $_OR_ cell `$auto$simplemap.cc:85:simplemap_bitop$206' (0?) in module `\up_counter' with constant driver `$auto$alumacc.cc:484:replace_alu$13 [2] = $techmap$auto$alumacc.cc:470:replace_alu$11.lcu.$and$<techmap.v>:229$156_Y'.
Replacing $_MUX_ cell `$auto$simplemap.cc:277:simplemap_mux$169' (??0) in module `\up_counter' with constant driver `$techmap$auto$alumacc.cc:470:replace_alu$11.$ternary$<techmap.v>:258$67_Y [4] = \count [4]'.
Replacing $_XOR_ cell `$auto$simplemap.cc:85:simplemap_bitop$91' (0?) in module `\up_counter' with constant driver `$techmap$auto$alumacc.cc:470:replace_alu$11.$xor$<techmap.v>:262$69_Y [4] = \count [4]'.
Replacing $_AND_ cell `$auto$simplemap.cc:85:simplemap_bitop$107' (const_and) in module `\up_counter' with constant driver `$techmap$auto$alumacc.cc:470:replace_alu$11.$and$<techmap.v>:260$68_Y [3] = 1'0'.
Replacing $_AND_ cell `$auto$simplemap.cc:85:simplemap_bitop$183' (const_and) in module `\up_counter' with constant driver `$techmap$auto$alumacc.cc:470:replace_alu$11.lcu.$and$<techmap.v>:221$135_Y = 1'0'.
Replacing $_OR_ cell `$auto$simplemap.cc:85:simplemap_bitop$199' (00) in module `\up_counter' with constant driver `$techmap$auto$alumacc.cc:470:replace_alu$11.lcu.$or$<techmap.v>:221$136_Y = 1'0'.
Replacing $_OR_ cell `$auto$simplemap.cc:85:simplemap_bitop$202' (0?) in module `\up_counter' with constant driver `$auto$alumacc.cc:484:replace_alu$13 [3] = $techmap$auto$alumacc.cc:470:replace_alu$11.lcu.$and$<techmap.v>:221$144_Y'.
Replacing $_MUX_ cell `$auto$simplemap.cc:277:simplemap_mux$170' (??0) in module `\up_counter' with constant driver `$techmap$auto$alumacc.cc:470:replace_alu$11.$ternary$<techmap.v>:258$67_Y [5] = \count [5]'.
Replacing $_XOR_ cell `$auto$simplemap.cc:85:simplemap_bitop$92' (0?) in module `\up_counter' with constant driver `$techmap$auto$alumacc.cc:470:replace_alu$11.$xor$<techmap.v>:262$69_Y [5] = \count [5]'.
Replacing $_AND_ cell `$auto$simplemap.cc:85:simplemap_bitop$108' (const_and) in module `\up_counter' with constant driver `$techmap$auto$alumacc.cc:470:replace_alu$11.$and$<techmap.v>:260$68_Y [4] = 1'0'.
Replacing $_OR_ cell `$auto$simplemap.cc:85:simplemap_bitop$207' (0?) in module `\up_counter' with constant driver `$auto$alumacc.cc:484:replace_alu$13 [4] = $techmap$auto$alumacc.cc:470:replace_alu$11.lcu.$and$<techmap.v>:229$159_Y'.
Replacing $_MUX_ cell `$auto$simplemap.cc:277:simplemap_mux$171' (??0) in module `\up_counter' with constant driver `$techmap$auto$alumacc.cc:470:replace_alu$11.$ternary$<techmap.v>:258$67_Y [6] = \count [6]'.
Replacing $_XOR_ cell `$auto$simplemap.cc:85:simplemap_bitop$93' (0?) in module `\up_counter' with constant driver `$techmap$auto$alumacc.cc:470:replace_alu$11.$xor$<techmap.v>:262$69_Y [6] = \count [6]'.
Replacing $_AND_ cell `$auto$simplemap.cc:85:simplemap_bitop$109' (const_and) in module `\up_counter' with constant driver `$techmap$auto$alumacc.cc:470:replace_alu$11.$and$<techmap.v>:260$68_Y [5] = 1'0'.
Replacing $_AND_ cell `$auto$simplemap.cc:85:simplemap_bitop$184' (const_and) in module `\up_counter' with constant driver `$techmap$auto$alumacc.cc:470:replace_alu$11.lcu.$and$<techmap.v>:221$138_Y = 1'0'.
Replacing $_OR_ cell `$auto$simplemap.cc:85:simplemap_bitop$200' (00) in module `\up_counter' with constant driver `$techmap$auto$alumacc.cc:470:replace_alu$11.lcu.$or$<techmap.v>:221$139_Y = 1'0'.
Replacing $_OR_ cell `$auto$simplemap.cc:85:simplemap_bitop$205' (0?) in module `\up_counter' with constant driver `$auto$alumacc.cc:484:replace_alu$13 [5] = $techmap$auto$alumacc.cc:470:replace_alu$11.lcu.$and$<techmap.v>:229$153_Y'.
Replacing $_MUX_ cell `$auto$simplemap.cc:277:simplemap_mux$172' (??0) in module `\up_counter' with constant driver `$techmap$auto$alumacc.cc:470:replace_alu$11.$ternary$<techmap.v>:258$67_Y [7] = \count [7]'.
Replacing $_XOR_ cell `$auto$simplemap.cc:85:simplemap_bitop$94' (0?) in module `\up_counter' with constant driver `$techmap$auto$alumacc.cc:470:replace_alu$11.$xor$<techmap.v>:262$69_Y [7] = \count [7]'.
Replacing $_AND_ cell `$auto$simplemap.cc:85:simplemap_bitop$110' (const_and) in module `\up_counter' with constant driver `$techmap$auto$alumacc.cc:470:replace_alu$11.$and$<techmap.v>:260$68_Y [6] = 1'0'.
Replacing $_OR_ cell `$auto$simplemap.cc:85:simplemap_bitop$208' (0?) in module `\up_counter' with constant driver `$auto$alumacc.cc:484:replace_alu$13 [6] = $techmap$auto$alumacc.cc:470:replace_alu$11.lcu.$and$<techmap.v>:229$162_Y'.
Replacing $_AND_ cell `$auto$simplemap.cc:85:simplemap_bitop$187' (const_and) in module `\up_counter' with constant driver `$techmap$auto$alumacc.cc:470:replace_alu$11.lcu.$and$<techmap.v>:221$147_Y = 1'0'.
Replacing $_AND_ cell `$auto$simplemap.cc:85:simplemap_bitop$111' (const_and) in module `\up_counter' with constant driver `$techmap$auto$alumacc.cc:470:replace_alu$11.$and$<techmap.v>:260$68_Y [7] = 1'0'.
Replacing $_AND_ cell `$auto$simplemap.cc:85:simplemap_bitop$185' (const_and) in module `\up_counter' with constant driver `$techmap$auto$alumacc.cc:470:replace_alu$11.lcu.$and$<techmap.v>:221$141_Y = 1'0'.
Replacing $_OR_ cell `$auto$simplemap.cc:85:simplemap_bitop$201' (00) in module `\up_counter' with constant driver `$techmap$auto$alumacc.cc:470:replace_alu$11.lcu.$or$<techmap.v>:221$142_Y = 1'0'.
Replacing $_OR_ cell `$auto$simplemap.cc:85:simplemap_bitop$203' (00) in module `\up_counter' with constant driver `$techmap$auto$alumacc.cc:470:replace_alu$11.lcu.$or$<techmap.v>:221$148_Y = 1'0'.
Replacing $_OR_ cell `$auto$simplemap.cc:85:simplemap_bitop$204' (0?) in module `\up_counter' with constant driver `$auto$alumacc.cc:484:replace_alu$13 [7] = $techmap$auto$alumacc.cc:470:replace_alu$11.lcu.$and$<techmap.v>:221$150_Y'.
Replacing $_XOR_ cell `$auto$simplemap.cc:85:simplemap_bitop$103' (0?) in module `\up_counter' with constant driver `$techmap$auto$alumacc.cc:470:replace_alu$11.$xor$<techmap.v>:263$70_Y [8] = $techmap$auto$alumacc.cc:470:replace_alu$11.lcu.$and$<techmap.v>:221$150_Y'.

3.19.2. Executing OPT_MERGE pass (detect identical cells).
Finding identical cells in module `\up_counter'.
Removed a total of 0 cells.

3.19.3. Executing OPT_RMDFF pass (remove dff with constant values).

3.19.4. Executing OPT_CLEAN pass (remove unused cells and wires).
Finding unused cells or wires in module \up_counter..
  removing unused `$_NOT_' cell `$auto$simplemap.cc:37:simplemap_not$173'.
  removing unused `$_NOT_' cell `$auto$simplemap.cc:37:simplemap_not$174'.
  removing unused `$_NOT_' cell `$auto$simplemap.cc:37:simplemap_not$175'.
  removing unused `$_NOT_' cell `$auto$simplemap.cc:37:simplemap_not$176'.
  removing unused `$_NOT_' cell `$auto$simplemap.cc:37:simplemap_not$177'.
  removing unused `$_NOT_' cell `$auto$simplemap.cc:37:simplemap_not$178'.
  removing unused `$_NOT_' cell `$auto$simplemap.cc:37:simplemap_not$179'.
  removing unused `$_NOT_' cell `$auto$simplemap.cc:37:simplemap_not$180'.
  removing unused `$_AND_' cell `$auto$simplemap.cc:85:simplemap_bitop$188'.
  removing unused `$_AND_' cell `$auto$simplemap.cc:85:simplemap_bitop$191'.
  removing unused `$_AND_' cell `$auto$simplemap.cc:85:simplemap_bitop$192'.

3.19.5. Finished fast OPT passes.

3.20. Executing ABC pass (technology mapping using ABC).

3.20.1. Extracting gate netlist of module `\up_counter' to `<abc-temp-dir>/input.blif'..
Extracted 32 gates and 44 wires to a netlist network with 10 inputs and 8 outputs.

3.20.1.1. Executing ABC.
Running ABC command: berkeley-abc -s -f <abc-temp-dir>/abc.script 2>&1
ABC: ABC command line: "source <abc-temp-dir>/abc.script".
ABC: 
ABC: + read_blif <abc-temp-dir>/input.blif 
ABC: + read_library <abc-temp-dir>/stdcells.genlib 
ABC: Entered genlib library with 15 gates from file "<abc-temp-dir>/stdcells.genlib".
ABC: + retime -o 
ABC: + map 
ABC: Warning: The network was strashed and balanced before mapping.
ABC: + write_blif <abc-temp-dir>/output.blif 

3.20.1.2. Re-integrating ABC results.
ABC RESULTS:               AND cells:       16
ABC RESULTS:               MUX cells:        7
ABC RESULTS:               NOT cells:        2
ABC RESULTS:               XOR cells:        8
ABC RESULTS:        internal signals:       26
ABC RESULTS:           input signals:       10
ABC RESULTS:          output signals:        8
Removing temp directory.

3.21. Executing OPT pass (performing simple optimizations).

3.21.1. Executing OPT_EXPR pass (perform const folding).
Optimizing away select inverter for $_MUX_ cell `$abc$209$auto$blifparse.cc:286:parse_blif$232' in module `up_counter'.
Optimizing away select inverter for $_MUX_ cell `$abc$209$auto$blifparse.cc:286:parse_blif$237' in module `up_counter'.
Optimizing away select inverter for $_MUX_ cell `$abc$209$auto$blifparse.cc:286:parse_blif$228' in module `up_counter'.
Optimizing away select inverter for $_MUX_ cell `$abc$209$auto$blifparse.cc:286:parse_blif$215' in module `up_counter'.
Optimizing away select inverter for $_MUX_ cell `$abc$209$auto$blifparse.cc:286:parse_blif$223' in module `up_counter'.
Optimizing away select inverter for $_MUX_ cell `$abc$209$auto$blifparse.cc:286:parse_blif$219' in module `up_counter'.
Optimizing away select inverter for $_MUX_ cell `$abc$209$auto$blifparse.cc:286:parse_blif$241' in module `up_counter'.

3.21.2. Executing OPT_MERGE pass (detect identical cells).
Finding identical cells in module `\up_counter'.
Removed a total of 0 cells.

3.21.3. Executing OPT_RMDFF pass (remove dff with constant values).

3.21.4. Executing OPT_CLEAN pass (remove unused cells and wires).
Finding unused cells or wires in module \up_counter..
  removing unused `$_NOT_' cell `$abc$209$auto$blifparse.cc:286:parse_blif$213'.

3.21.5. Finished fast OPT passes.

3.22. Executing HIERARCHY pass (managing design hierarchy).

3.22.1. Analyzing design hierarchy..
Top module:  \up_counter

3.22.2. Analyzing design hierarchy..
Top module:  \up_counter
Removed 0 unused modules.

3.23. Printing statistics.

=== up_counter ===

   Number of wires:                 29
   Number of wire bits:             43
   Number of public wires:           4
   Number of public wire bits:      11
   Number of memories:               0
   Number of memory bits:            0
   Number of processes:              0
   Number of cells:                 40
     $_AND_                         16
     $_DFF_P_                        8
     $_MUX_                          7
     $_NOT_                          1
     $_XOR_                          8

3.24. Executing CHECK pass (checking for obvious problems).
checking module up_counter..
found and reported 0 problems.

4. Executing DFFLIBMAP pass (mapping DFF cells to sequential cells from liberty file).
  cell DFFNEGX1 (noninv, pins=3, area=384.00) is a direct match for cell type $_DFF_N_.
  cell DFFPOSX1 (noninv, pins=3, area=384.00) is a direct match for cell type $_DFF_P_.
  cell DFFSR (noninv, pins=5, area=704.00) is a direct match for cell type $_DFFSR_PNN_.
  create mapping for $_DFFSR_PPN_ from mapping for $_DFFSR_PNN_.
  create mapping for $_DFFSR_PNP_ from mapping for $_DFFSR_PNN_.
  create mapping for $_DFFSR_PPP_ from mapping for $_DFFSR_PNP_.
  create mapping for $_DFFSR_NNN_ from mapping for $_DFFSR_PNN_.
  create mapping for $_DFFSR_NPN_ from mapping for $_DFFSR_NNN_.
  create mapping for $_DFFSR_NNP_ from mapping for $_DFFSR_NNN_.
  create mapping for $_DFFSR_NPP_ from mapping for $_DFFSR_NNP_.
  create mapping for $_DFF_NN0_ from mapping for $_DFFSR_NNN_.
  create mapping for $_DFF_NN1_ from mapping for $_DFFSR_NNN_.
  create mapping for $_DFF_NP0_ from mapping for $_DFFSR_NPP_.
  create mapping for $_DFF_NP1_ from mapping for $_DFFSR_NPP_.
  create mapping for $_DFF_PN0_ from mapping for $_DFFSR_PNN_.
  create mapping for $_DFF_PN1_ from mapping for $_DFFSR_PNN_.
  create mapping for $_DFF_PP0_ from mapping for $_DFFSR_PPP_.
  create mapping for $_DFF_PP1_ from mapping for $_DFFSR_PPP_.
  final dff cell mappings:
    DFFNEGX1 _DFF_N_ (.CLK( C), .D( D), .Q( Q));
    DFFPOSX1 _DFF_P_ (.CLK( C), .D( D), .Q( Q));
    DFFSR _DFF_NN0_ (.CLK(~C), .D( D), .Q( Q), .R( R), .S( 1));
    DFFSR _DFF_NN1_ (.CLK(~C), .D( D), .Q( Q), .R( 1), .S( R));
    DFFSR _DFF_NP0_ (.CLK(~C), .D( D), .Q( Q), .R(~R), .S( 1));
    DFFSR _DFF_NP1_ (.CLK(~C), .D( D), .Q( Q), .R( 1), .S(~R));
    DFFSR _DFF_PN0_ (.CLK( C), .D( D), .Q( Q), .R( R), .S( 1));
    DFFSR _DFF_PN1_ (.CLK( C), .D( D), .Q( Q), .R( 1), .S( R));
    DFFSR _DFF_PP0_ (.CLK( C), .D( D), .Q( Q), .R(~R), .S( 1));
    DFFSR _DFF_PP1_ (.CLK( C), .D( D), .Q( Q), .R( 1), .S(~R));
    DFFSR _DFFSR_NNN_ (.CLK(~C), .D( D), .Q( Q), .R( R), .S( S));
    DFFSR _DFFSR_NNP_ (.CLK(~C), .D( D), .Q( Q), .R(~R), .S( S));
    DFFSR _DFFSR_NPN_ (.CLK(~C), .D( D), .Q( Q), .R( R), .S(~S));
    DFFSR _DFFSR_NPP_ (.CLK(~C), .D( D), .Q( Q), .R(~R), .S(~S));
    DFFSR _DFFSR_PNN_ (.CLK( C), .D( D), .Q( Q), .R( R), .S( S));
    DFFSR _DFFSR_PNP_ (.CLK( C), .D( D), .Q( Q), .R(~R), .S( S));
    DFFSR _DFFSR_PPN_ (.CLK( C), .D( D), .Q( Q), .R( R), .S(~S));
    DFFSR _DFFSR_PPP_ (.CLK( C), .D( D), .Q( Q), .R(~R), .S(~S));
Mapping DFF cells in module `\up_counter':
  mapped 8 $_DFF_P_ cells to \DFFPOSX1 cells.

5. Executing OPT pass (performing simple optimizations).

5.1. Executing OPT_EXPR pass (perform const folding).

5.2. Executing OPT_MERGE pass (detect identical cells).
Finding identical cells in module `\up_counter'.
Removed a total of 0 cells.

5.3. Executing OPT_MUXTREE pass (detect dead branches in mux trees).
Running muxtree optimizer on module \up_counter..
  Creating internal representation of mux trees.
  No muxes found in this module.
Removed 0 multiplexer ports.

5.4. Executing OPT_REDUCE pass (consolidate $*mux and $reduce_* inputs).
  Optimizing cells in module \up_counter.
Performed a total of 0 changes.

5.5. Executing OPT_MERGE pass (detect identical cells).
Finding identical cells in module `\up_counter'.
Removed a total of 0 cells.

5.6. Executing OPT_RMDFF pass (remove dff with constant values).

5.7. Executing OPT_CLEAN pass (remove unused cells and wires).
Finding unused cells or wires in module \up_counter..

5.8. Executing OPT_EXPR pass (perform const folding).

5.9. Finished OPT passes. (There is nothing left to do.)

6. Executing ABC pass (technology mapping using ABC).

6.1. Extracting gate netlist of module `\up_counter' to `<abc-temp-dir>/input.blif'..
Extracted 32 gates and 42 wires to a netlist network with 10 inputs and 8 outputs.

6.1.1. Executing ABC.
Running ABC command: /usr/local/share/qflow/bin/yosys-abc -s -f <abc-temp-dir>/abc.script 2>&1
ABC: ABC command line: "source <abc-temp-dir>/abc.script".
ABC: 
ABC: + read_blif <abc-temp-dir>/input.blif 
ABC: + read_lib -w /usr/local/share/qflow/tech/osu035/osu035_stdcells.lib 
ABC: Parsing finished successfully.  Parsing time =     0.00 sec
ABC: Scl_LibertyReadGenlib() skipped sequential cell "DFFNEGX1".
ABC: Scl_LibertyReadGenlib() skipped sequential cell "DFFPOSX1".
ABC: Scl_LibertyReadGenlib() skipped sequential cell "DFFSR".
ABC: Scl_LibertyReadGenlib() skipped sequential cell "LATCH".
ABC: Scl_LibertyReadGenlib() skipped three-state cell "PADINOUT".
ABC: Scl_LibertyReadGenlib() skipped three-state cell "TBUFX1".
ABC: Scl_LibertyReadGenlib() skipped three-state cell "TBUFX2".
ABC: Scl_LibertyReadGenlib() skipped cell "PADFC" without logic function.
ABC: Scl_LibertyReadGenlib() skipped cell "PADNC" without logic function.
ABC: Scl_LibertyReadGenlib() skipped cell "PADVDD" without logic function.
ABC: Scl_LibertyReadGenlib() skipped cell "PADGND" without logic function.
ABC: Library "osu035_stdcells" from "/usr/local/share/qflow/tech/osu035/osu035_stdcells.lib" has 28 cells (11 skipped: 4 seq; 3 tri-state; 4 no func).  Time =     0.00 sec
ABC: Memory =    0.38 MB. Time =     0.00 sec
ABC: Warning: Detected 2 multi-output gates (for example, "FAX1").
ABC: + strash 
ABC: + scorr 
ABC: Warning: The network is combinational (run "fraig" or "fraig_sweep").
ABC: + ifraig 
ABC: + retime 
ABC: + strash 
ABC: + dch -f 
ABC: + map -M 1 
ABC: + write_blif <abc-temp-dir>/output.blif 

6.1.2. Re-integrating ABC results.
ABC RESULTS:            AND2X2 cells:        4
ABC RESULTS:           AOI21X1 cells:        6
ABC RESULTS:             INVX1 cells:        4
ABC RESULTS:           NAND2X1 cells:        3
ABC RESULTS:           NAND3X1 cells:        3
ABC RESULTS:            NOR2X1 cells:        4
ABC RESULTS:            NOR3X1 cells:        1
ABC RESULTS:           OAI21X1 cells:        8
ABC RESULTS:             OR2X2 cells:        1
ABC RESULTS:        internal signals:       24
ABC RESULTS:           input signals:       10
ABC RESULTS:          output signals:        8
Removing temp directory.

7. Executing FLATTEN pass (flatten design).
No more expansions possible.
Removed 0 unused cells and 42 unused wires.

8. Executing IOPADMAP pass (mapping inputs/outputs to IO-PAD cells).
Don't map input port up_counter.clk: Missing option -inpad.
Mapping port up_counter.count using BUFX2.
Don't map input port up_counter.en: Missing option -inpad.
Don't map input port up_counter.rst: Missing option -inpad.

9. Executing OPT pass (performing simple optimizations).

9.1. Executing OPT_EXPR pass (perform const folding).

9.2. Executing OPT_MERGE pass (detect identical cells).
Finding identical cells in module `\up_counter'.
Removed a total of 0 cells.

9.3. Executing OPT_MUXTREE pass (detect dead branches in mux trees).
Running muxtree optimizer on module \up_counter..
  Creating internal representation of mux trees.
  No muxes found in this module.
Removed 0 multiplexer ports.

9.4. Executing OPT_REDUCE pass (consolidate $*mux and $reduce_* inputs).
  Optimizing cells in module \up_counter.
Performed a total of 0 changes.

9.5. Executing OPT_MERGE pass (detect identical cells).
Finding identical cells in module `\up_counter'.
Removed a total of 0 cells.

9.6. Executing OPT_RMDFF pass (remove dff with constant values).

9.7. Executing OPT_CLEAN pass (remove unused cells and wires).
Finding unused cells or wires in module \up_counter..

9.8. Executing OPT_EXPR pass (perform const folding).

9.9. Finished OPT passes. (There is nothing left to do.)

10. Executing Verilog backend.
Dumping module `\up_counter'.

11. Printing statistics.

=== up_counter ===

   Number of wires:                 32
   Number of wire bits:             53
   Number of public wires:          32
   Number of public wire bits:      53
   Number of memories:               0
   Number of memory bits:            0
   Number of processes:              0
   Number of cells:                 50
     AND2X2                          4
     AOI21X1                         6
     BUFX2                           8
     DFFPOSX1                        8
     INVX1                           4
     NAND2X1                         3
     NAND3X1                         3
     NOR2X1                          4
     NOR3X1                          1
     OAI21X1                         8
     OR2X2                           1

End of script. Logfile hash: c18d09392a
CPU: user 0.07s system 0.00s, MEM: 36.81 MB total, 9.79 MB resident
Yosys 0.7 (git sha1 61f6811, gcc 6.2.0-11ubuntu1 -O2 -fdebug-prefix-map=/build/yosys-OIL3SR/yosys-0.7=. -fstack-protector-strong -fPIC -Os)
Time spent: 24% 1x share (0 sec), 10% 16x opt_expr (0 sec), ...
Running getpowerground to determine power and ground net names.
getpowerground.tcl  /usr/local/share/qflow/tech/osu035/osu035_stdcells.lef
Running vlogFanout
vlogFanout -l 200 -c 30 -I up_counter_nofanout -s nullstring -p /usr/local/share/qflow/tech/osu035/osu035_stdcells.lib -b BUFX2,CLKBUF1 -i A,A -o Y,Y up_counter_mapped.v up_counter_sized.v

vlogFanout for qflow 1.4.86
Parsing library "osu035_stdcells"
End of library at line 6636
Lib Read:  Processed 6637 lines.
Top internal fanout is 7 (load 357.39) from node _2_,
driven by INVX1 with strength 102.797 (fF driven at latency 200)
Top fanout load-to-strength ratio is 1.45973 (latency = 291.947 ps)
Top input node fanout is 8 (load 324.126) from node clk.
0 gates exceed specified minimum load.
0 buffers were added.
Warning 1: load of 155.294 is 1.53233 times greater than strongest gate NAND3X1
This warning will only be repeated for larger overload ratios.  Warning count reflects
the total number of overloaded nets.
Warning 2: load of 159.232 is 1.55755 times greater than strongest gate NAND2X1
2 gates were changed.

Gate counts by drive strength:

	"1" gates	In: 37    	Out: 35    	-2
	"2" gates	In: 13    	Out: 15    	+2

6 gates exceed specified minimum load.
0 buffers were added.
0 gates were changed.

Gate counts by drive strength:

	"1" gates	In: 37    	Out: 35    	-2
	"2" gates	In: 13    	Out: 15    	+2

Number of gates changed: 0
Running vlog2Verilog for antenna cell mapping.
vlog2Verilog -c -p -v vdd -g gnd  -l /usr/local/share/qflow/tech/osu035/osu035_stdcells.lef 
   -o up_counter.v up_counter_sized.v

Generating RTL verilog and SPICE netlist file in directory
	 /home/muchen/ELEC402TA/t1-qflow/synthesis
Files:
   Verilog: /home/muchen/ELEC402TA/t1-qflow/synthesis/up_counter.rtl.v
   Verilog: /home/muchen/ELEC402TA/t1-qflow/synthesis/up_counter.rtlnopwr.v
   Verilog: /home/muchen/ELEC402TA/t1-qflow/synthesis/up_counter.rtlbb.v
   Spice:   /home/muchen/ELEC402TA/t1-qflow/synthesis/up_counter.spc

Running vlog2Verilog.
vlog2Verilog -c -v vdd -g gnd  -l /usr/local/share/qflow/tech/osu035/osu035_stdcells.lef 
	-o up_counter.rtl.v
   up_counter.v
vlog2Verilog -c -p -v vdd -g gnd  -l /usr/local/share/qflow/tech/osu035/osu035_stdcells.lef 
	-o up_counter.rtlnopwr.v
   up_counter.v
/usr/local/share/qflow/bin/vlog2Verilog -c -p -b -n -v vdd -g gnd  -l /usr/local/share/qflow/tech/osu035/osu035_stdcells.lef
   -o up_counter.rtlbb.v
Running vlog2Spice.
vlog2Spice -i -l  /usr/local/share/qflow/tech/osu035/osu035_stdcells.sp -o up_counter.spc up_counter.rtl.v
Running spi2xspice.py
spi2xspice.py "/usr/local/share/qflow/tech/osu035/osu035_stdcells.lib" up_counter.spc up_counter.xspice

Synthesis script ended on Sun Sep 13 15:22:19 PDT 2020
